# TSan Canonical Run Evidence — ci-tsan-24916134440
# Signal type: pytest FAILED (post-fix run; pre-fix was 5/5 FAIL — see ../tsan/HW-CORE-017.log)
# Triggering script: stress_asan_memory.py
# Test function: test_stress_streamunzip_truncated
# Run count: 5/5 iterations FAILED under --count=5 (same rate as Phase 3 pre-fix canonical)
# CI run: https://github.com/slaclab/rogue/actions/runs/24916134440
#
# Phase 5 branch tip SHA: da1f8eaf98b6eedc570e5c0d45a32ac6b57f9f99
# Post-fix: StreamUnZip bounds check fix in commit 3a8e137f81179ff3e41491570d0e0b3fdcc69fcb
#
# HW-CORE-017 description (from DETECTED.md):
#   In StreamUnZip::acceptFrame, when strm.avail_in==0, the code unconditionally
#   advances rBuff and dereferences it; if BZip2 produces more output than input
#   being consumed, the iterator advances past endBuffer() and is dereferenced
#   out of bounds.
#   File: src/rogue/utilities/StreamUnZip.cpp  Lines: 98-101  Severity: medium
#
# pytest result line (from tsan-log.txt — Phase 5 run 24916134440):
#   scripts/repro/stress_asan_memory.py .....FFFFFFFFFF                      [  6%]
#   5 passes (test_stress_hw_ctor_fd_leak x5), then FAIL blocks (test_stress_block_setbytes_malloc
#   x5 + test_stress_streamunzip_truncated x5 = 10 failures total)
#
# D-22 regression check: Phase 4 mid-phase reruns (24909162566, 24909791467) showed
#   the identical .....FFFFFFFFFF pattern. No new signal vs Phase 4. D-22 NOT triggered.
#
# Evidence note: The bounds check fix (3a8e137f8) is confirmed present on the
#   hunt-for-red-october branch tip (git show --stat 3a8e137f8). However, the
#   test_stress_streamunzip_truncated failure rate under ci-tsan did not improve
#   from FFFFF to ..... in Phase 4 mid-phase reruns or in this Phase 5 canonical run.
#   This is an ASan-primary signal (heap-buffer-overflow); TSan exercises the code
#   path but may not detect the OOB access if the TSan runtime aborts for a different
#   reason first. See REPRODUCIBLE.md §Evidence Pivot for the TSan vs ASan signal
#   distinction for memory-lifetime rows.
#
# Pre-fix: 5/5 FFFFF (see ../tsan/HW-CORE-017.log — Phase 3 canonical ci-tsan-24887983787)
# Post-fix (Phase 5 canonical): 5/5 FAIL (same pattern; no improvement in pass rate)
# Fix is on branch (3a8e137f8); test signal unchanged relative to Phase 4 mid-phase reruns.
# SC-1 disposition: deferred to Plan 05-03 per D-01 row-class evaluation (test-fail-pivot
#   criterion references ASan-side evidence as authoritative; TSan failures pre-date fix
#   and remain post-fix under this CI environment).
